ERROR - 2022-07-12 02:23:19 --> Error connecting to the database: Unknown database 'uas'
CRITICAL - 2022-07-12 02:23:19 --> Unable to connect to the database.
Main connection [MySQLi]: Unknown database 'uas'
#0 D:\xamp\htdocs\UAS_Pemrograman\ci4\system\Database\BaseConnection.php(577): CodeIgniter\Database\BaseConnection->initialize()
#1 D:\xamp\htdocs\UAS_Pemrograman\ci4\system\Database\BaseBuilder.php(1539): CodeIgniter\Database\BaseConnection->query('SELECT COUNT(*)...', Array, false)
#2 D:\xamp\htdocs\UAS_Pemrograman\ci4\system\Model.php(509): CodeIgniter\Database\BaseBuilder->countAllResults(false)
#3 D:\xamp\htdocs\UAS_Pemrograman\ci4\system\BaseModel.php(1084): CodeIgniter\Model->countAllResults(false)
#4 D:\xamp\htdocs\UAS_Pemrograman\ci4\app\Models\DaftarModel.php(16): CodeIgniter\BaseModel->paginate(10, 'warga')
#5 D:\xamp\htdocs\UAS_Pemrograman\ci4\app\Controllers\Home.php(35): App\Models\DaftarModel->getDaftar()
#6 D:\xamp\htdocs\UAS_Pemrograman\ci4\system\CodeIgniter.php(832): App\Controllers\Home->index()
#7 D:\xamp\htdocs\UAS_Pemrograman\ci4\system\CodeIgniter.php(419): CodeIgniter\CodeIgniter->runController(Object(App\Controllers\Home))
#8 D:\xamp\htdocs\UAS_Pemrograman\ci4\system\CodeIgniter.php(326): CodeIgniter\CodeIgniter->handleRequest(NULL, Object(Config\Cache), false)
#9 D:\xamp\htdocs\UAS_Pemrograman\ci4\public\index.php(37): CodeIgniter\CodeIgniter->run()
#10 D:\xamp\htdocs\UAS_Pemrograman\ci4\system\Commands\Server\rewrite.php(43): require_once('D:\\xamp\\htdocs\\...')
#11 {main}
ERROR - 2022-07-12 02:26:43 --> Error connecting to the database: Unknown database 'uas'
CRITICAL - 2022-07-12 02:26:43 --> Unable to connect to the database.
Main connection [MySQLi]: Unknown database 'uas'
#0 D:\xamp\htdocs\UAS_Pemrograman\ci4\system\Database\BaseConnection.php(577): CodeIgniter\Database\BaseConnection->initialize()
#1 D:\xamp\htdocs\UAS_Pemrograman\ci4\system\Database\BaseBuilder.php(1539): CodeIgniter\Database\BaseConnection->query('SELECT COUNT(*)...', Array, false)
#2 D:\xamp\htdocs\UAS_Pemrograman\ci4\system\Model.php(509): CodeIgniter\Database\BaseBuilder->countAllResults(false)
#3 D:\xamp\htdocs\UAS_Pemrograman\ci4\system\BaseModel.php(1084): CodeIgniter\Model->countAllResults(false)
#4 D:\xamp\htdocs\UAS_Pemrograman\ci4\app\Models\DaftarModel.php(16): CodeIgniter\BaseModel->paginate(10, 'warga')
#5 D:\xamp\htdocs\UAS_Pemrograman\ci4\app\Controllers\Home.php(35): App\Models\DaftarModel->getDaftar()
#6 D:\xamp\htdocs\UAS_Pemrograman\ci4\system\CodeIgniter.php(832): App\Controllers\Home->index()
#7 D:\xamp\htdocs\UAS_Pemrograman\ci4\system\CodeIgniter.php(419): CodeIgniter\CodeIgniter->runController(Object(App\Controllers\Home))
#8 D:\xamp\htdocs\UAS_Pemrograman\ci4\system\CodeIgniter.php(326): CodeIgniter\CodeIgniter->handleRequest(NULL, Object(Config\Cache), false)
#9 D:\xamp\htdocs\UAS_Pemrograman\ci4\public\index.php(37): CodeIgniter\CodeIgniter->run()
#10 D:\xamp\htdocs\UAS_Pemrograman\ci4\system\Commands\Server\rewrite.php(43): require_once('D:\\xamp\\htdocs\\...')
#11 {main}
